<?xml version="1.0" encoding="UTF-8"?>
<!-- Generated by org.testng.reporters.JUnitXMLReporter -->
<testsuite ignored="0" hostname="hp" failures="0" tests="7" name="Test" time="158.826" errors="0" timestamp="2024-08-03T18:30:03 IST">
  <testcase classname="book_store_api.Create_user_bookstore" name="create_user" time="26.489"/>
  <testcase classname="book_store_api.GenerateTokenOfUser" name="GenerateToken" time="22.493"/>
  <testcase classname="book_store_api.AuthorizedUser" name="Authorized_user" time="21.952"/>
  <testcase classname="book_store_api.Get_Details_Of_Books" name="Books_Detail" time="22.16"/>
  <testcase classname="book_store_api.Added_Books" name="Add_Books" time="21.876"/>
  <testcase classname="book_store_api.Delete_Books" name="Delete_books" time="22.001"/>
  <testcase classname="book_store_api.DeleteUserAccount" name="Delete_User" time="21.766"/>
</testsuite> <!-- Test -->
