<?xml version="1.0" encoding="UTF-8"?>
<!-- Generated by org.testng.reporters.JUnitXMLReporter -->
<testsuite ignored="0" hostname="hp" failures="0" tests="4" name="Test" time="5.658" errors="0" timestamp="2023-12-02T13:58:31 IST">
  <testcase classname="ecom.Login_Api" name="loginToApp" time="3.471"/>
  <testcase classname="ecom.AddProduct_intoApp" name="addProductToApp" time="0.821"/>
  <testcase classname="ecom.Place_order" name="place_order" time="0.832"/>
  <testcase classname="ecom.Delete_Api" name="delete_product" time="0.465"/>
</testsuite> <!-- Test -->
