<?xml version="1.0" encoding="UTF-8"?>
<testng-results ignored="0" total="1" passed="1" failed="0" skipped="0">
  <reporter-output>
  </reporter-output>
  <suite started-at="2023-09-16T15:45:33 IST" name="Default suite" finished-at="2023-09-16T15:45:55 IST" duration-ms="21688">
    <groups>
    </groups>
    <test started-at="2023-09-16T15:45:33 IST" name="Default test" finished-at="2023-09-16T15:45:55 IST" duration-ms="21688">
      <class name="basic.Delayed_Response">
        <test-method signature="getuser()[pri:0, instance:basic.Delayed_Response@28f3b248]" started-at="2023-09-16T15:45:35 IST" name="getuser" finished-at="2023-09-16T15:45:55 IST" duration-ms="19412" status="PASS">
          <reporter-output>
          </reporter-output>
        </test-method> <!-- getuser -->
      </class> <!-- basic.Delayed_Response -->
    </test> <!-- Default test -->
  </suite> <!-- Default suite -->
</testng-results>
