<?xml version="1.0" encoding="UTF-8"?>
<testng-results ignored="0" total="2" passed="2" failed="0" skipped="0">
  <reporter-output>
  </reporter-output>
  <suite started-at="2024-01-09T17:04:36 IST" name="Default suite" finished-at="2024-01-09T17:04:39 IST" duration-ms="2994">
    <groups>
    </groups>
    <test started-at="2024-01-09T17:04:36 IST" name="Default test" finished-at="2024-01-09T17:04:39 IST" duration-ms="2994">
      <class name="ishwar.FetchDataByusingJsonClass">
        <test-method signature="usercreate()[pri:0, instance:ishwar.FetchDataByusingJsonClass@3bf9ce3e]" started-at="2024-01-09T17:04:37 IST" name="usercreate" finished-at="2024-01-09T17:04:39 IST" duration-ms="2727" status="PASS">
          <reporter-output>
          </reporter-output>
        </test-method> <!-- usercreate -->
        <test-method signature="checkcopiesofcypress()[pri:2, instance:ishwar.FetchDataByusingJsonClass@3bf9ce3e]" started-at="2024-01-09T17:04:39 IST" name="checkcopiesofcypress" finished-at="2024-01-09T17:04:39 IST" duration-ms="210" status="PASS">
          <reporter-output>
          </reporter-output>
        </test-method> <!-- checkcopiesofcypress -->
      </class> <!-- ishwar.FetchDataByusingJsonClass -->
    </test> <!-- Default test -->
  </suite> <!-- Default suite -->
</testng-results>
